<?xml version="1.0" encoding="UTF-8"?>
<!-- Generated by org.testng.reporters.JUnitReportReporter -->
<testsuite hostname="Active38" failures="0" tests="1" name="specialprograms.sandeeptest" time="22.358" errors="0" timestamp="2023-12-05T12:52:35 IST" skipped="0">
  <testcase classname="specialprograms.sandeeptest" name="test01" time="22.358"/>
</testsuite> <!-- specialprograms.sandeeptest -->
