<?xml version="1.0" encoding="UTF-8"?>
<!-- Generated by org.testng.reporters.JUnitReportReporter -->
<testsuite hostname="Active38" failures="0" tests="1" name="specialprogram.BrokenLinks" time="42.215" errors="0" timestamp="2023-11-29T17:24:39 IST" skipped="0">
  <testcase classname="specialprogram.BrokenLinks" name="setUp" time="42.215"/>
</testsuite> <!-- specialprogram.BrokenLinks -->
