<?xml version="1.0" encoding="UTF-8"?>
<!-- Generated by org.testng.reporters.JUnitReportReporter -->
<testsuite hostname="Active38" failures="0" tests="1" name="apachepoi.AllAnchorTags" time="0.376" errors="0" timestamp="2023-11-22T11:44:24 IST" skipped="0">
  <testcase classname="apachepoi.AllAnchorTags" name="testAllLinks" time="0.376"/>
</testsuite> <!-- apachepoi.AllAnchorTags -->
