<?xml version="1.0" encoding="UTF-8"?>
<!-- Generated by org.testng.reporters.JUnitReportReporter -->
<testsuite hostname="Active38" failures="0" tests="1" name="apachepoi.DataScrapping" time="51.711" errors="0" timestamp="2023-11-17T17:57:50 IST" skipped="0">
  <testcase classname="apachepoi.DataScrapping" name="setUp" time="51.711"/>
</testsuite> <!-- apachepoi.DataScrapping -->
