<?xml version="1.0" encoding="UTF-8"?>
<!-- Generated by org.testng.reporters.JUnitReportReporter -->
<testsuite hostname="Active38" failures="0" tests="1" name="apachepoi.TakesScreen" time="3.335" errors="0" timestamp="2023-11-21T18:25:50 IST" skipped="0">
  <testcase classname="apachepoi.TakesScreen" name="setup" time="3.335"/>
</testsuite> <!-- apachepoi.TakesScreen -->
